<?xml version="1.0" encoding="UTF-8"?>
<!-- Generated by org.testng.reporters.JUnitReportReporter -->
<testsuite skipped="0" hostname="nazmuls-Air.fios-router.home" name="jenkinstest.TestDemo" tests="1" failures="0" timestamp="2021-02-07T20:35:11 EST" time="0.007" errors="0">
  <testcase name="test1" time="0.007" classname="jenkinstest.TestDemo"/>
  <system-out/>
</testsuite> <!-- jenkinstest.TestDemo -->
